0 info it worked if it ends with ok
1 verbose cli [ '/usr/local/bin/node',
1 verbose cli   '/usr/local/bin/npm',
1 verbose cli   'install',
1 verbose cli   '--save',
1 verbose cli   '--prefix',
1 verbose cli   './public/generated/Nyge7cawx',
1 verbose cli   'react-components/js/tex.jsx' ]
2 info using npm@3.3.12
3 info using node@v5.3.0
4 silly loadCurrentTree Starting
5 silly install loadCurrentTree
6 silly install readLocalPackageData
7 silly fetchPackageMetaData react-components/js/tex.jsx
8 silly fetchOtherPackageData react-components/js/tex.jsx
9 silly cache add args [ 'react-components/js/tex.jsx', null ]
10 verbose cache add spec react-components/js/tex.jsx
11 silly cache add parsed spec Result {
11 silly cache add   raw: 'react-components/js/tex.jsx',
11 silly cache add   scope: null,
11 silly cache add   name: null,
11 silly cache add   rawSpec: 'react-components/js/tex.jsx',
11 silly cache add   spec: '/Users/charlesking/jsx_bin/react-components/js/tex.jsx',
11 silly cache add   type: 'local' }
12 error addLocal Could not install /Users/charlesking/jsx_bin/react-components/js/tex.jsx
13 silly fetchPackageMetaData Error: ENOENT: no such file or directory, open '/Users/charlesking/jsx_bin/react-components/js/tex.jsx'
13 silly fetchPackageMetaData     at Error (native)
13 silly fetchPackageMetaData  error for react-components/js/tex.jsx { [Error: ENOENT: no such file or directory, open '/Users/charlesking/jsx_bin/react-components/js/tex.jsx']
13 silly fetchPackageMetaData   errno: -2,
13 silly fetchPackageMetaData   code: 'ENOENT',
13 silly fetchPackageMetaData   syscall: 'open',
13 silly fetchPackageMetaData   path: '/Users/charlesking/jsx_bin/react-components/js/tex.jsx' }
14 silly rollbackFailedOptional Starting
15 silly rollbackFailedOptional Finishing
16 silly runTopLevelLifecycles Starting
17 silly runTopLevelLifecycles Finishing
18 silly install printInstalled
19 verbose stack Error: ENOENT: no such file or directory, open '/Users/charlesking/jsx_bin/react-components/js/tex.jsx'
19 verbose stack     at Error (native)
20 verbose cwd /Users/charlesking/jsx_bin
21 error Darwin 14.5.0
22 error argv "/usr/local/bin/node" "/usr/local/bin/npm" "install" "--save" "--prefix" "./public/generated/Nyge7cawx" "react-components/js/tex.jsx"
23 error node v5.3.0
24 error npm  v3.3.12
25 error path /Users/charlesking/jsx_bin/react-components/js/tex.jsx
26 error code ENOENT
27 error errno -2
28 error syscall open
29 error enoent ENOENT: no such file or directory, open '/Users/charlesking/jsx_bin/react-components/js/tex.jsx'
29 error enoent This is most likely not a problem with npm itself
29 error enoent and is related to npm not being able to find a file.
30 verbose exit [ -2, true ]
